Containers:
  [+] MainContainer:
   |            ID: 0x0000000000000000
   |        Bounds: IsValid=false, Min=(X=0.000 Y=0.000 Z=0.000), Max=(X=0.000 Y=0.000 Z=0.000)
   |     Transform: 0.000000,0.000000,0.000000|0.000000,0.000000,-0.000000|1.000000,1.000000,1.000000
   |     Container: /Game/ThirdPerson/Maps/Prototype
   |  ActorDescs:
   |      - Guid:07552D4349728C5FC64DFDB9EC19FD00 Class:StaticMeshActor Name:StaticMeshActor_0 SpatiallyLoaded:true Bounds:IsValid=true, Min=(X=-0.000 Y=100.000 Z=0.000), Max=(X=100.000 Y=3400.000 Z=400.000) RuntimeGrid:None EditorOnly:false LevelBoundsRelevant:true HLODRelevant:true FolderPath:Playground FolderGuid:C73F09FC4215536B1DCE2A9E0A830C70 Parent:00000000000000000000000000000000
   |      - Guid:105521A340921A3EF92065B474C90DF3 Class:SkyLight Name:SkyLight_1 SpatiallyLoaded:false Bounds:IsValid=true, Min=(X=0.000 Y=0.000 Z=690.000), Max=(X=0.000 Y=0.000 Z=690.000) RuntimeGrid:None EditorOnly:false LevelBoundsRelevant:false HLODRelevant:false FolderPath:Lighting FolderGuid:963EC3EB4002CCE9759E2EBA541A873A Parent:00000000000000000000000000000000
   |      - Guid:390B6A8D4FFAF59462880DBB2FA741B9 Class:VolumetricCloud Name:VolumetricCloud_0 SpatiallyLoaded:false Bounds:IsValid=true, Min=(X=0.000 Y=0.000 Z=820.000), Max=(X=0.000 Y=0.000 Z=820.000) RuntimeGrid:None EditorOnly:false LevelBoundsRelevant:false HLODRelevant:false FolderPath:Lighting FolderGuid:963EC3EB4002CCE9759E2EBA541A873A Parent:00000000000000000000000000000000
   |      - Guid:46DEE4AD48005B11377EA7ABEE49929C Class:StaticMeshActor Name:StaticMeshActor_UAID_A4AE111137DC5EFB00_1110535423 SpatiallyLoaded:true Bounds:IsValid=true, Min=(X=-1638400.000 Y=-1638400.000 Z=-1638400.000), Max=(X=1638400.000 Y=1638400.000 Z=1638400.000) RuntimeGrid:None EditorOnly:false LevelBoundsRelevant:true HLODRelevant:true FolderPath:Lighting FolderGuid:963EC3EB4002CCE9759E2EBA541A873A Parent:00000000000000000000000000000000
   |      - Guid:497EB470492D2D889D73FAA9A2A1673B Class:PlayerStart Name:PlayerStart_UAID_50EBF6D511AE8C9301_1307252031 SpatiallyLoaded:false Bounds:IsValid=true, Min=(X=1250.000 Y=1020.000 Z=148.000), Max=(X=1330.000 Y=1100.000 Z=332.000) RuntimeGrid:None EditorOnly:false LevelBoundsRelevant:true HLODRelevant:false FolderPath:None FolderGuid:00000000000000000000000000000000 Parent:00000000000000000000000000000000
   |      - Guid:6068BDDC49AB7C6A58D07DB469A7A335 Class:DirectionalLight Name:DirectionalLight_0 SpatiallyLoaded:false Bounds:IsValid=true, Min=(X=-1048576.000 Y=-1048576.000 Z=-1048576.000), Max=(X=1048576.000 Y=1048576.000 Z=1048576.000) RuntimeGrid:None EditorOnly:false LevelBoundsRelevant:false HLODRelevant:false FolderPath:Lighting FolderGuid:963EC3EB4002CCE9759E2EBA541A873A Parent:00000000000000000000000000000000
   |      - Guid:703CFE2548C2A1A187E38A9572D3E174 Class:ExponentialHeightFog Name:ExponentialHeightFog_0 SpatiallyLoaded:false Bounds:IsValid=true, Min=(X=-5600.000 Y=-50.000 Z=-6850.000), Max=(X=-5600.000 Y=-50.000 Z=-6850.000) RuntimeGrid:None EditorOnly:false LevelBoundsRelevant:false HLODRelevant:false FolderPath:Lighting FolderGuid:963EC3EB4002CCE9759E2EBA541A873A Parent:00000000000000000000000000000000
   |      - Guid:769164D54BD38D7B88E26797EE9D9321 Class:StaticMeshActor Name:StaticMeshActor_6 SpatiallyLoaded:true Bounds:IsValid=true, Min=(X=0.000 Y=3400.000 Z=0.000), Max=(X=3000.000 Y=3500.000 Z=400.000) RuntimeGrid:None EditorOnly:false LevelBoundsRelevant:true HLODRelevant:true FolderPath:Playground FolderGuid:C73F09FC4215536B1DCE2A9E0A830C70 Parent:00000000000000000000000000000000
   |      - Guid:799FC5DC4508556F227112803194C9C6 Class:StaticMeshActor Name:StaticMeshActor_4 SpatiallyLoaded:true Bounds:IsValid=true, Min=(X=2900.000 Y=100.000 Z=0.000), Max=(X=3000.000 Y=3400.000 Z=400.000) RuntimeGrid:None EditorOnly:false LevelBoundsRelevant:true HLODRelevant:true FolderPath:Playground FolderGuid:C73F09FC4215536B1DCE2A9E0A830C70 Parent:00000000000000000000000000000000
   |      - Guid:7DF80CE241651964BBF296B62DA6275D Class:TextRenderActor Name:TextRenderActor_1 SpatiallyLoaded:true Bounds:IsValid=true, Min=(X=-0.100 Y=1100.000 Z=65.013), Max=(X=-0.100 Y=2392.308 Z=215.013) RuntimeGrid:None EditorOnly:false LevelBoundsRelevant:true HLODRelevant:false FolderPath:None FolderGuid:00000000000000000000000000000000 Parent:00000000000000000000000000000000
   |      - Guid:7E10DE434C96DB8CF3281CBE6AF4561F Class:StaticMeshActor Name:StaticMeshActor_5 SpatiallyLoaded:true Bounds:IsValid=true, Min=(X=0.000 Y=0.000 Z=0.000), Max=(X=3000.000 Y=100.000 Z=400.000) RuntimeGrid:None EditorOnly:false LevelBoundsRelevant:true HLODRelevant:true FolderPath:Playground FolderGuid:C73F09FC4215536B1DCE2A9E0A830C70 Parent:00000000000000000000000000000000
   |      - Guid:836457094D849A735D508CB2CB4F5F49 Class:WorldDataLayers Name:WorldDataLayers SpatiallyLoaded:false Bounds:IsValid=true, Min=(X=0.000 Y=0.000 Z=0.000), Max=(X=0.000 Y=0.000 Z=0.000) RuntimeGrid:None EditorOnly:false LevelBoundsRelevant:false HLODRelevant:false FolderPath:None FolderGuid:00000000000000000000000000000000 Parent:00000000000000000000000000000000
   |      - Guid:B88BB23F41EF9415229541A41925792D Class:StaticMeshActor Name:StaticMeshActor_1 SpatiallyLoaded:true Bounds:IsValid=true, Min=(X=0.000 Y=0.000 Z=-50.000), Max=(X=3000.000 Y=3500.000 Z=0.000) RuntimeGrid:None EditorOnly:false LevelBoundsRelevant:true HLODRelevant:true FolderPath:Playground FolderGuid:C73F09FC4215536B1DCE2A9E0A830C70 Parent:00000000000000000000000000000000
   |      - Guid:BE5440FE41B3C5DCFC4484A6A0C90267 Class:PostProcessVolume Name:PostProcessVolume_0 SpatiallyLoaded:false Bounds:IsValid=true, Min=(X=0.000 Y=0.000 Z=400.000), Max=(X=200.000 Y=200.000 Z=600.000) RuntimeGrid:None EditorOnly:false LevelBoundsRelevant:false HLODRelevant:false FolderPath:Lighting FolderGuid:963EC3EB4002CCE9759E2EBA541A873A Parent:00000000000000000000000000000000
   |      - Guid:CB295BDD45A5491C0E7DE0A1ECF3D27E Class:SkyAtmosphere Name:SkyAtmosphere_0 SpatiallyLoaded:false Bounds:IsValid=true, Min=(X=0.000 Y=0.000 Z=1020.000), Max=(X=0.000 Y=0.000 Z=1020.000) RuntimeGrid:None EditorOnly:false LevelBoundsRelevant:false HLODRelevant:false FolderPath:Lighting FolderGuid:963EC3EB4002CCE9759E2EBA541A873A Parent:00000000000000000000000000000000
